{
  "stats": {
    "suites": 1,
    "tests": 1,
    "passes": 1,
    "pending": 0,
    "failures": 0,
    "start": "2020-12-10T18:41:28.286Z",
    "end": "2020-12-10T18:41:49.320Z",
    "duration": 21034,
    "testsRegistered": 1,
    "passPercent": 100,
    "pendingPercent": 0,
    "other": 0,
    "hasOther": false,
    "skipped": 0,
    "hasSkipped": false
  },
  "results": [
    {
      "uuid": "ac4252bb-fb78-4609-ba4f-ed810f623651",
      "title": "",
      "fullFile": "cypress/integration/compra.spec.js",
      "file": "cypress/integration/compra.spec.js",
      "beforeHooks": [],
      "afterHooks": [],
      "tests": [],
      "suites": [
        {
          "uuid": "fdc50ace-ae2c-4bda-8ff2-99726aeff55a",
          "title": "Compra",
          "fullFile": "",
          "file": "",
          "beforeHooks": [],
          "afterHooks": [],
          "tests": [
            {
              "title": "",
              "fullTitle": "Compra ",
              "timedOut": null,
              "duration": 20973,
              "state": "passed",
              "speed": "slow",
              "pass": true,
              "fail": false,
              "pending": false,
              "context": null,
              "code": "cy.visit('/');\nvar nomeProduto = 'Faded Short Sleeve T-shirts';\ncy.contains(nomeProduto).trigger('mouseover');\ncy.contains(nomeProduto).parent() //buscar o elemento pai h5\n.siblings('div.button-container') //buscaos filhos\n.children('a').first() //add to cart\n.click(); //validação se o produto foi selecionado com sucesso\ncy.get('.icon-ok').parent() //pegando o pai\n.should('contain.text', 'Product successfully added to your shopping cart');\ncy.get('span#layer_cart_product_title').should('contain.text', nomeProduto); //cy.pause()//para o teste nesse momento, remover após teste.\ncy.get(\".button-container a[href$='controller=order']\").click();\ncy.get(\".cart_navigation a[href$='step=1']\").click(); //cy.get(\"#email\").type(\"ricardoteste@teste.com\");\n//cy.get(\"#passwd\").type(\"teste123\");\n//cy.get(\"#SubmitLogin\").click();\n//Dúvida 01 o valor checked não diferencia se está checkado ou não?\ncy.get('[type=checkbox]#addressesAreEquals').should('have.attr', 'checked', 'checked'); //asserção| atributo| valor\ncy.get('[type=checkbox]#addressesAreEquals').should('have.attr', 'name', 'same'); //asserção| atributo| valor\ncy.get(\"button[name=processAddress]\").click();\ncy.get('[type=checkbox]#cgv').check();\ncy.get(\"button[name=processCarrier]\").click();\ncy.get('.bankwire').click();\ncy.get('.cart_navigation button[type=submit]').find('span').contains('I confirm my order').click();\ncy.get('.cheque-indent strong').should('contain.text', 'Your order on My Store is complete.');\ncy.get('div.box').invoke('text').then(function (text) {\n  //console.log(text)\n  console.log(text.match(/[A-Z][A-Z]+/g)[1]); //escrita de um arquivo Json\n  //caminho do arquivo(sempre a partir do root)| conteudo do arquivo\n  cy.writeFile('cypress/fixtures/pedido.json', {\n    id: \"\".concat(text.match(/[A-Z][A-Z]+/g)[1])\n  });\n});\ncy.get(\".cart_navigation a[href$='history']\").click(); //leitura de um arquivo json\ncy.readFile('cypress/fixtures/pedido.json').then(function (pedido) {\n  cy.get('tr.first_item .history_link a').should('contain.text', pedido.id);\n});",
              "err": {},
              "uuid": "26acccc2-0bef-40ff-a72c-00ea1a0cdb52",
              "parentUUID": "fdc50ace-ae2c-4bda-8ff2-99726aeff55a",
              "isHook": false,
              "skipped": false
            }
          ],
          "suites": [],
          "passes": [
            "26acccc2-0bef-40ff-a72c-00ea1a0cdb52"
          ],
          "failures": [],
          "pending": [],
          "skipped": [],
          "duration": 20973,
          "root": false,
          "rootEmpty": false,
          "_timeout": 2000
        }
      ],
      "passes": [],
      "failures": [],
      "pending": [],
      "skipped": [],
      "duration": 0,
      "root": true,
      "rootEmpty": true,
      "_timeout": 2000
    }
  ],
  "meta": {
    "mocha": {
      "version": "7.0.1"
    },
    "mochawesome": {
      "options": {
        "quiet": true,
        "reportFilename": "mochawesome",
        "saveHtml": false,
        "saveJson": true,
        "consoleReporter": "spec",
        "useInlineDiffs": false,
        "code": true
      },
      "version": "6.2.1"
    },
    "marge": {
      "options": {
        "id": "default",
        "reportDir": "mochawesome-report",
        "quiet": true,
        "overwrite": false,
        "html": false,
        "json": true
      },
      "version": "5.1.0"
    }
  }
}